<?xml version="1.0" encoding="UTF-8"?>
<coverage generated="1642635839049" clover="3.2.0">
  <project timestamp="1642635839049" name="All files">
    <metrics statements="73" coveredstatements="72" conditionals="14" coveredconditionals="12" methods="12" coveredmethods="11" elements="99" coveredelements="95" complexity="0" loc="73" ncloc="73" packages="4" files="7" classes="7"/>
    <package name="src.components">
      <metrics statements="5" coveredstatements="5" conditionals="0" coveredconditionals="0" methods="1" coveredmethods="1"/>
      <file name="HeaderComponent.vue" path="C:\Vue-projects\vue3\sites-scheduling\src\components\HeaderComponent.vue">
        <metrics statements="1" coveredstatements="1" conditionals="0" coveredconditionals="0" methods="0" coveredmethods="0"/>
        <line num="13" count="2" type="stmt"/>
      </file>
      <file name="IconWithDescription.vue" path="C:\Vue-projects\vue3\sites-scheduling\src\components\IconWithDescription.vue">
        <metrics statements="1" coveredstatements="1" conditionals="0" coveredconditionals="0" methods="0" coveredmethods="0"/>
        <line num="16" count="1" type="stmt"/>
      </file>
      <file name="SiteAnchorCard.vue" path="C:\Vue-projects\vue3\sites-scheduling\src\components\SiteAnchorCard.vue">
        <metrics statements="3" coveredstatements="3" conditionals="0" coveredconditionals="0" methods="1" coveredmethods="1"/>
        <line num="23" count="2" type="stmt"/>
        <line num="25" count="2" type="stmt"/>
        <line num="32" count="2" type="stmt"/>
      </file>
    </package>
    <package name="src.helpers">
      <metrics statements="5" coveredstatements="5" conditionals="0" coveredconditionals="0" methods="0" coveredmethods="0"/>
      <file name="constants.ts" path="C:\Vue-projects\vue3\sites-scheduling\src\helpers\constants.ts">
        <metrics statements="5" coveredstatements="5" conditionals="0" coveredconditionals="0" methods="0" coveredmethods="0"/>
        <line num="1" count="2" type="stmt"/>
        <line num="2" count="2" type="stmt"/>
        <line num="3" count="2" type="stmt"/>
        <line num="15" count="2" type="stmt"/>
        <line num="17" count="2" type="stmt"/>
      </file>
    </package>
    <package name="src.views">
      <metrics statements="59" coveredstatements="58" conditionals="14" coveredconditionals="12" methods="11" coveredmethods="10"/>
      <file name="Home.vue" path="C:\Vue-projects\vue3\sites-scheduling\src\views\Home.vue">
        <metrics statements="45" coveredstatements="44" conditionals="14" coveredconditionals="12" methods="9" coveredmethods="8"/>
        <line num="48" count="1" type="stmt"/>
        <line num="50" count="1" type="stmt"/>
        <line num="52" count="1" type="stmt"/>
        <line num="58" count="1" type="stmt"/>
        <line num="59" count="1" type="stmt"/>
        <line num="61" count="1" type="stmt"/>
        <line num="67" count="4" type="stmt"/>
        <line num="68" count="4" type="stmt"/>
        <line num="69" count="4" type="stmt"/>
        <line num="70" count="4" type="stmt"/>
        <line num="71" count="4" type="stmt"/>
        <line num="72" count="4" type="stmt"/>
        <line num="74" count="4" type="stmt"/>
        <line num="75" count="8" type="stmt"/>
        <line num="78" count="4" type="stmt"/>
        <line num="79" count="4" type="stmt"/>
        <line num="82" count="4" type="stmt"/>
        <line num="83" count="0" type="stmt"/>
        <line num="86" count="4" type="stmt"/>
        <line num="87" count="1" type="stmt"/>
        <line num="88" count="1" type="stmt"/>
        <line num="89" count="1" type="stmt"/>
        <line num="90" count="1" type="stmt"/>
        <line num="93" count="4" type="stmt"/>
        <line num="94" count="1" type="stmt"/>
        <line num="97" count="1" type="cond" truecount="3" falsecount="1"/>
        <line num="100" count="1" type="cond" truecount="2" falsecount="0"/>
        <line num="102" count="1" type="cond" truecount="3" falsecount="1"/>
        <line num="103" count="1" type="stmt"/>
        <line num="107" count="4" type="stmt"/>
        <line num="108" count="2" type="stmt"/>
        <line num="109" count="3" type="cond" truecount="2" falsecount="0"/>
        <line num="110" count="1" type="stmt"/>
        <line num="111" count="2" type="stmt"/>
        <line num="112" count="1" type="stmt"/>
        <line num="113" count="1" type="stmt"/>
        <line num="115" count="2" type="stmt"/>
        <line num="116" count="1" type="stmt"/>
        <line num="120" count="4" type="stmt"/>
        <line num="121" count="3" type="cond" truecount="2" falsecount="0"/>
        <line num="122" count="2" type="stmt"/>
        <line num="124" count="1" type="stmt"/>
        <line num="125" count="2" type="stmt"/>
        <line num="126" count="1" type="stmt"/>
        <line num="130" count="4" type="stmt"/>
      </file>
      <file name="SiteDetail.vue" path="C:\Vue-projects\vue3\sites-scheduling\src\views\SiteDetail.vue">
        <metrics statements="14" coveredstatements="14" conditionals="0" coveredconditionals="0" methods="2" coveredmethods="2"/>
        <line num="47" count="1" type="stmt"/>
        <line num="48" count="1" type="stmt"/>
        <line num="50" count="1" type="stmt"/>
        <line num="52" count="1" type="stmt"/>
        <line num="54" count="1" type="stmt"/>
        <line num="55" count="1" type="stmt"/>
        <line num="56" count="1" type="stmt"/>
        <line num="58" count="1" type="stmt"/>
        <line num="66" count="2" type="stmt"/>
        <line num="67" count="2" type="stmt"/>
        <line num="69" count="2" type="stmt"/>
        <line num="70" count="2" type="stmt"/>
        <line num="71" count="2" type="stmt"/>
        <line num="74" count="2" type="stmt"/>
      </file>
    </package>
    <package name="tests.unit">
      <metrics statements="4" coveredstatements="4" conditionals="0" coveredconditionals="0" methods="0" coveredmethods="0"/>
      <file name="constants.ts" path="C:\Vue-projects\vue3\sites-scheduling\tests\unit\constants.ts">
        <metrics statements="4" coveredstatements="4" conditionals="0" coveredconditionals="0" methods="0" coveredmethods="0"/>
        <line num="1" count="2" type="stmt"/>
        <line num="80" count="2" type="stmt"/>
        <line num="154" count="2" type="stmt"/>
        <line num="196" count="2" type="stmt"/>
      </file>
    </package>
  </project>
</coverage>
