{"C:\\Vue-projects\\vue3\\sites-scheduling\\src\\components\\HeaderComponent.vue": {"path":"C:\\Vue-projects\\vue3\\sites-scheduling\\src\\components\\HeaderComponent.vue","statementMap":{"0":{"start":{"line":13,"column":15},"end":{"line":13,"column":null}}},"fnMap":{},"branchMap":{},"s":{"0":2},"f":{},"b":{}}
,"C:\\Vue-projects\\vue3\\sites-scheduling\\src\\components\\IconWithDescription.vue": {"path":"C:\\Vue-projects\\vue3\\sites-scheduling\\src\\components\\IconWithDescription.vue","statementMap":{"0":{"start":{"line":16,"column":15},"end":{"line":16,"column":null}}},"fnMap":{},"branchMap":{},"s":{"0":1},"f":{},"b":{}}
,"C:\\Vue-projects\\vue3\\sites-scheduling\\src\\components\\SiteAnchorCard.vue": {"path":"C:\\Vue-projects\\vue3\\sites-scheduling\\src\\components\\SiteAnchorCard.vue","statementMap":{"0":{"start":{"line":23,"column":0},"end":{"line":23,"column":null}},"1":{"start":{"line":25,"column":15},"end":{"line":25,"column":null}},"2":{"start":{"line":32,"column":4},"end":{"line":32,"column":11}}},"fnMap":{"0":{"name":"(anonymous_0)","decl":{"start":{"line":31,"column":2},"end":{"line":31,"column":7}},"loc":{"start":{"line":31,"column":10},"end":{"line":35,"column":null}}}},"branchMap":{},"s":{"0":2,"1":2,"2":2},"f":{"0":2},"b":{}}
,"C:\\Vue-projects\\vue3\\sites-scheduling\\src\\helpers\\constants.ts": {"path":"C:\\Vue-projects\\vue3\\sites-scheduling\\src\\helpers\\constants.ts","statementMap":{"0":{"start":{"line":1,"column":26},"end":{"line":1,"column":null}},"1":{"start":{"line":2,"column":29},"end":{"line":2,"column":null}},"2":{"start":{"line":3,"column":30},"end":{"line":3,"column":null}},"3":{"start":{"line":15,"column":2},"end":{"line":15,"column":null}},"4":{"start":{"line":17,"column":2},"end":{"line":17,"column":null}}},"fnMap":{},"branchMap":{},"s":{"0":2,"1":2,"2":2,"3":2,"4":2},"f":{},"b":{}}
,"C:\\Vue-projects\\vue3\\sites-scheduling\\src\\views\\Home.vue": {"path":"C:\\Vue-projects\\vue3\\sites-scheduling\\src\\views\\Home.vue","statementMap":{"0":{"start":{"line":48,"column":0},"end":{"line":48,"column":null}},"1":{"start":{"line":50,"column":0},"end":{"line":50,"column":null}},"2":{"start":{"line":52,"column":0},"end":{"line":52,"column":null}},"3":{"start":{"line":58,"column":0},"end":{"line":58,"column":null}},"4":{"start":{"line":59,"column":0},"end":{"line":59,"column":null}},"5":{"start":{"line":61,"column":15},"end":{"line":61,"column":null}},"6":{"start":{"line":67,"column":2},"end":{"line":67,"column":7}},"7":{"start":{"line":68,"column":22},"end":{"line":68,"column":33}},"8":{"start":{"line":69,"column":24},"end":{"line":69,"column":36}},"9":{"start":{"line":70,"column":23},"end":{"line":70,"column":35}},"10":{"start":{"line":71,"column":28},"end":{"line":71,"column":37}},"11":{"start":{"line":72,"column":29},"end":{"line":72,"column":42}},"12":{"start":{"line":74,"column":4},"end":{"line":74,"column":18}},"13":{"start":{"line":74,"column":18},"end":{"line":74,"column":null}},"14":{"start":{"line":75,"column":6},"end":{"line":75,"column":16}},"15":{"start":{"line":75,"column":24},"end":{"line":75,"column":30}},"16":{"start":{"line":78,"column":4},"end":{"line":78,"column":14}},"17":{"start":{"line":79,"column":6},"end":{"line":79,"column":12}},"18":{"start":{"line":82,"column":4},"end":{"line":82,"column":16}},"19":{"start":{"line":83,"column":6},"end":{"line":83,"column":12}},"20":{"start":{"line":86,"column":26},"end":{"line":91,"column":null}},"21":{"start":{"line":86,"column":26},"end":{"line":86,"column":null}},"22":{"start":{"line":87,"column":12},"end":{"line":87,"column":19}},"23":{"start":{"line":88,"column":21},"end":{"line":88,"column":27}},"24":{"start":{"line":88,"column":10},"end":{"line":88,"column":18}},"25":{"start":{"line":89,"column":6},"end":{"line":89,"column":15}},"26":{"start":{"line":90,"column":6},"end":{"line":90,"column":16}},"27":{"start":{"line":93,"column":25},"end":{"line":105,"column":null}},"28":{"start":{"line":94,"column":20},"end":{"line":94,"column":null}},"29":{"start":{"line":97,"column":8},"end":{"line":97,"column":null}},"30":{"start":{"line":100,"column":8},"end":{"line":100,"column":null}},"31":{"start":{"line":102,"column":6},"end":{"line":104,"column":null}},"32":{"start":{"line":103,"column":8},"end":{"line":103,"column":null}},"33":{"start":{"line":107,"column":33},"end":{"line":118,"column":null}},"34":{"start":{"line":107,"column":52},"end":{"line":107,"column":null}},"35":{"start":{"line":108,"column":12},"end":{"line":108,"column":18}},"36":{"start":{"line":109,"column":10},"end":{"line":109,"column":16}},"37":{"start":{"line":110,"column":14},"end":{"line":110,"column":23}},"38":{"start":{"line":111,"column":8},"end":{"line":111,"column":18}},"39":{"start":{"line":111,"column":26},"end":{"line":111,"column":32}},"40":{"start":{"line":112,"column":8},"end":{"line":112,"column":18}},"41":{"start":{"line":113,"column":8},"end":{"line":113,"column":24}},"42":{"start":{"line":115,"column":8},"end":{"line":115,"column":18}},"43":{"start":{"line":115,"column":26},"end":{"line":115,"column":32}},"44":{"start":{"line":116,"column":8},"end":{"line":116,"column":24}},"45":{"start":{"line":120,"column":25},"end":{"line":128,"column":null}},"46":{"start":{"line":120,"column":25},"end":{"line":120,"column":null}},"47":{"start":{"line":121,"column":10},"end":{"line":121,"column":21}},"48":{"start":{"line":122,"column":8},"end":{"line":122,"column":18}},"49":{"start":{"line":122,"column":26},"end":{"line":122,"column":32}},"50":{"start":{"line":124,"column":14},"end":{"line":124,"column":23}},"51":{"start":{"line":125,"column":8},"end":{"line":125,"column":18}},"52":{"start":{"line":125,"column":26},"end":{"line":125,"column":32}},"53":{"start":{"line":126,"column":8},"end":{"line":126,"column":18}},"54":{"start":{"line":130,"column":4},"end":{"line":130,"column":11}}},"fnMap":{"0":{"name":"(anonymous_0)","decl":{"start":{"line":67,"column":2},"end":{"line":67,"column":7}},"loc":{"start":{"line":67,"column":2},"end":{"line":139,"column":null}}},"1":{"name":"(anonymous_1)","decl":{"start":{"line":74,"column":18},"end":{"line":74,"column":null}},"loc":{"start":{"line":74,"column":18},"end":{"line":76,"column":null}}},"2":{"name":"(anonymous_4)","decl":{"start":{"line":78,"column":14},"end":{"line":78,"column":null}},"loc":{"start":{"line":78,"column":14},"end":{"line":80,"column":null}}},"3":{"name":"(anonymous_5)","decl":{"start":{"line":82,"column":16},"end":{"line":82,"column":null}},"loc":{"start":{"line":82,"column":16},"end":{"line":84,"column":null}}},"4":{"name":"(anonymous_6)","decl":{"start":{"line":86,"column":26},"end":{"line":86,"column":null}},"loc":{"start":{"line":86,"column":26},"end":{"line":91,"column":null}}},"5":{"name":"(anonymous_9)","decl":{"start":{"line":93,"column":25},"end":{"line":93,"column":null}},"loc":{"start":{"line":93,"column":25},"end":{"line":105,"column":null}}},"6":{"name":"(anonymous_10)","decl":{"start":{"line":107,"column":33},"end":{"line":107,"column":40}},"loc":{"start":{"line":107,"column":52},"end":{"line":118,"column":null}}},"7":{"name":"(anonymous_11)","decl":{"start":{"line":107,"column":52},"end":{"line":107,"column":null}},"loc":{"start":{"line":107,"column":52},"end":{"line":107,"column":null}}},"8":{"name":"(anonymous_13)","decl":{"start":{"line":120,"column":25},"end":{"line":120,"column":null}},"loc":{"start":{"line":120,"column":25},"end":{"line":128,"column":null}}}},"branchMap":{"0":{"loc":{"start":{"line":97,"column":15},"end":{"line":97,"column":17}},"type":"cond-expr","locations":[{"start":{"line":97,"column":15},"end":{"line":97,"column":17}},{"start":{"line":97,"column":8},"end":{"line":97,"column":51}}]},"1":{"loc":{"start":{"line":97,"column":8},"end":{"line":97,"column":17}},"type":"binary-expr","locations":[{"start":{"line":97,"column":8},"end":{"line":97,"column":17}},{"start":{"line":97,"column":8},"end":{"line":97,"column":17}}]},"2":{"loc":{"start":{"line":100,"column":8},"end":{"line":100,"column":35}},"type":"binary-expr","locations":[{"start":{"line":100,"column":8},"end":{"line":100,"column":35}},{"start":{"line":100,"column":35},"end":{"line":100,"column":null}}]},"3":{"loc":{"start":{"line":102,"column":6},"end":{"line":104,"column":null}},"type":"if","locations":[{"start":{"line":102,"column":6},"end":{"line":104,"column":null}},{"start":{"line":102,"column":6},"end":{"line":104,"column":null}}]},"4":{"loc":{"start":{"line":102,"column":10},"end":{"line":102,"column":25}},"type":"binary-expr","locations":[{"start":{"line":102,"column":10},"end":{"line":102,"column":25}},{"start":{"line":102,"column":29},"end":{"line":102,"column":45}}]},"5":{"loc":{"start":{"line":109,"column":10},"end":{"line":109,"column":16}},"type":"if","locations":[{"start":{"line":109,"column":10},"end":{"line":109,"column":16}},{"start":{"line":109,"column":10},"end":{"line":109,"column":16}}]},"6":{"loc":{"start":{"line":121,"column":10},"end":{"line":121,"column":21}},"type":"if","locations":[{"start":{"line":121,"column":10},"end":{"line":121,"column":21}},{"start":{"line":121,"column":10},"end":{"line":121,"column":21}}]}},"s":{"0":1,"1":1,"2":1,"3":1,"4":1,"5":1,"6":4,"7":4,"8":4,"9":4,"10":4,"11":4,"12":4,"13":4,"14":8,"15":4,"16":4,"17":4,"18":4,"19":0,"20":4,"21":1,"22":1,"23":1,"24":1,"25":1,"26":1,"27":4,"28":1,"29":1,"30":1,"31":1,"32":1,"33":4,"34":2,"35":2,"36":3,"37":1,"38":2,"39":1,"40":1,"41":1,"42":2,"43":1,"44":1,"45":4,"46":2,"47":3,"48":2,"49":1,"50":1,"51":2,"52":1,"53":1,"54":4},"f":{"0":4,"1":8,"2":4,"3":0,"4":2,"5":1,"6":2,"7":2,"8":4},"b":{"0":[0,1],"1":[1,1],"2":[1,1],"3":[1,0],"4":[1,1],"5":[1,1],"6":[1,1]}}
,"C:\\Vue-projects\\vue3\\sites-scheduling\\src\\views\\SiteDetail.vue": {"path":"C:\\Vue-projects\\vue3\\sites-scheduling\\src\\views\\SiteDetail.vue","statementMap":{"0":{"start":{"line":47,"column":0},"end":{"line":47,"column":null}},"1":{"start":{"line":48,"column":0},"end":{"line":48,"column":null}},"2":{"start":{"line":50,"column":0},"end":{"line":50,"column":null}},"3":{"start":{"line":52,"column":0},"end":{"line":52,"column":null}},"4":{"start":{"line":54,"column":0},"end":{"line":54,"column":null}},"5":{"start":{"line":55,"column":0},"end":{"line":55,"column":null}},"6":{"start":{"line":56,"column":0},"end":{"line":56,"column":null}},"7":{"start":{"line":58,"column":15},"end":{"line":58,"column":null}},"8":{"start":{"line":66,"column":17},"end":{"line":66,"column":21}},"9":{"start":{"line":67,"column":18},"end":{"line":67,"column":null}},"10":{"start":{"line":69,"column":4},"end":{"line":69,"column":18}},"11":{"start":{"line":70,"column":23},"end":{"line":70,"column":46}},"12":{"start":{"line":71,"column":6},"end":{"line":71,"column":10}},"13":{"start":{"line":74,"column":4},"end":{"line":74,"column":11}}},"fnMap":{"0":{"name":"(anonymous_0)","decl":{"start":{"line":65,"column":2},"end":{"line":65,"column":7}},"loc":{"start":{"line":65,"column":10},"end":{"line":78,"column":null}}},"1":{"name":"(anonymous_1)","decl":{"start":{"line":69,"column":18},"end":{"line":69,"column":30}},"loc":{"start":{"line":69,"column":30},"end":{"line":72,"column":null}}}},"branchMap":{},"s":{"0":1,"1":1,"2":1,"3":1,"4":1,"5":1,"6":1,"7":1,"8":2,"9":2,"10":2,"11":2,"12":2,"13":2},"f":{"0":2,"1":2},"b":{}}
,"C:\\Vue-projects\\vue3\\sites-scheduling\\tests\\unit\\constants.ts": {"path":"C:\\Vue-projects\\vue3\\sites-scheduling\\tests\\unit\\constants.ts","statementMap":{"0":{"start":{"line":1,"column":32},"end":{"line":1,"column":null}},"1":{"start":{"line":80,"column":34},"end":{"line":80,"column":null}},"2":{"start":{"line":154,"column":32},"end":{"line":154,"column":null}},"3":{"start":{"line":196,"column":32},"end":{"line":196,"column":null}}},"fnMap":{},"branchMap":{},"s":{"0":2,"1":2,"2":2,"3":2},"f":{},"b":{}}
}
