TN:
SF:C:\Vue-projects\vue3\sites-scheduling\src\components\HeaderComponent.vue
FNF:0
FNH:0
DA:13,2
LF:1
LH:1
BRF:0
BRH:0
end_of_record
TN:
SF:C:\Vue-projects\vue3\sites-scheduling\src\components\IconWithDescription.vue
FNF:0
FNH:0
DA:16,1
LF:1
LH:1
BRF:0
BRH:0
end_of_record
TN:
SF:C:\Vue-projects\vue3\sites-scheduling\src\components\SiteAnchorCard.vue
FN:31,(anonymous_0)
FNF:1
FNH:1
FNDA:2,(anonymous_0)
DA:23,2
DA:25,2
DA:32,2
LF:3
LH:3
BRF:0
BRH:0
end_of_record
TN:
SF:C:\Vue-projects\vue3\sites-scheduling\src\helpers\constants.ts
FNF:0
FNH:0
DA:1,2
DA:2,2
DA:3,2
DA:15,2
DA:17,2
LF:5
LH:5
BRF:0
BRH:0
end_of_record
TN:
SF:C:\Vue-projects\vue3\sites-scheduling\src\views\Home.vue
FN:67,(anonymous_0)
FN:74,(anonymous_1)
FN:78,(anonymous_4)
FN:82,(anonymous_5)
FN:86,(anonymous_6)
FN:93,(anonymous_9)
FN:107,(anonymous_10)
FN:107,(anonymous_11)
FN:120,(anonymous_13)
FNF:9
FNH:8
FNDA:4,(anonymous_0)
FNDA:8,(anonymous_1)
FNDA:4,(anonymous_4)
FNDA:0,(anonymous_5)
FNDA:2,(anonymous_6)
FNDA:1,(anonymous_9)
FNDA:2,(anonymous_10)
FNDA:2,(anonymous_11)
FNDA:4,(anonymous_13)
DA:48,1
DA:50,1
DA:52,1
DA:58,1
DA:59,1
DA:61,1
DA:67,4
DA:68,4
DA:69,4
DA:70,4
DA:71,4
DA:72,4
DA:74,4
DA:75,8
DA:78,4
DA:79,4
DA:82,4
DA:83,0
DA:86,4
DA:87,1
DA:88,1
DA:89,1
DA:90,1
DA:93,4
DA:94,1
DA:97,1
DA:100,1
DA:102,1
DA:103,1
DA:107,4
DA:108,2
DA:109,3
DA:110,1
DA:111,2
DA:112,1
DA:113,1
DA:115,2
DA:116,1
DA:120,4
DA:121,3
DA:122,2
DA:124,1
DA:125,2
DA:126,1
DA:130,4
LF:45
LH:44
BRDA:97,0,0,0
BRDA:97,0,1,1
BRDA:97,1,0,1
BRDA:97,1,1,1
BRDA:100,2,0,1
BRDA:100,2,1,1
BRDA:102,3,0,1
BRDA:102,3,1,0
BRDA:102,4,0,1
BRDA:102,4,1,1
BRDA:109,5,0,1
BRDA:109,5,1,1
BRDA:121,6,0,1
BRDA:121,6,1,1
BRF:14
BRH:12
end_of_record
TN:
SF:C:\Vue-projects\vue3\sites-scheduling\src\views\SiteDetail.vue
FN:65,(anonymous_0)
FN:69,(anonymous_1)
FNF:2
FNH:2
FNDA:2,(anonymous_0)
FNDA:2,(anonymous_1)
DA:47,1
DA:48,1
DA:50,1
DA:52,1
DA:54,1
DA:55,1
DA:56,1
DA:58,1
DA:66,2
DA:67,2
DA:69,2
DA:70,2
DA:71,2
DA:74,2
LF:14
LH:14
BRF:0
BRH:0
end_of_record
TN:
SF:C:\Vue-projects\vue3\sites-scheduling\tests\unit\constants.ts
FNF:0
FNH:0
DA:1,2
DA:80,2
DA:154,2
DA:196,2
LF:4
LH:4
BRF:0
BRH:0
end_of_record
